Using pre-set license
Built from '2020.3/staging' branch; Version is '2020.3.16f1 (049d6eca3c44) revision 302446'; Using compiler version '192528614'; Build Type 'Release'
OS: 'Windows 10 Pro; OS build 19043.1237; Version 2009; 64bit' Language: 'en' Physical Memory: 16312 MB
BatchMode: 1, IsHumanControllingUs: 0, StartBugReporterOnCrash: 0, Is64bit: 1, IsPro: 0

 COMMAND LINE ARGUMENTS:
C:\Program Files\Unity\Hub\Editor\2020.3.16f1\Editor\Unity.exe
-adb2
-batchMode
-noUpm
-name
AssetImportWorker0
-projectPath
C:/Users/edv92/Desktop/UCF/Fall 2021/Computer as a Meduim/Tutorial 1.5/Sound Tutorial
-logFile
Logs/AssetImportWorker0.log
-srvPort
49917
Successfully changed project path to: C:/Users/edv92/Desktop/UCF/Fall 2021/Computer as a Meduim/Tutorial 1.5/Sound Tutorial
C:/Users/edv92/Desktop/UCF/Fall 2021/Computer as a Meduim/Tutorial 1.5/Sound Tutorial
Using Asset Import Pipeline V2.
Refreshing native plugins compatible for Editor in 48.65 ms, found 3 plugins.
Preloading 0 native plugins for Editor in 0.00 ms.
Initialize engine version: 2020.3.16f1 (049d6eca3c44)
[Subsystems] Discovering subsystems at path C:/Program Files/Unity/Hub/Editor/2020.3.16f1/Editor/Data/Resources/UnitySubsystems
[Subsystems] Discovering subsystems at path C:/Users/edv92/Desktop/UCF/Fall 2021/Computer as a Meduim/Tutorial 1.5/Sound Tutorial/Assets
GfxDevice: creating device client; threaded=0
Direct3D:
    Version:  Direct3D 11.0 [level 11.1]
    Renderer: NVIDIA GeForce GTX 1070 (ID=0x1b81)
    Vendor:   
    VRAM:     8088 MB
    Driver:   27.21.14.5671
Initialize mono
Mono path[0] = 'C:/Program Files/Unity/Hub/Editor/2020.3.16f1/Editor/Data/Managed'
Mono path[1] = 'C:/Program Files/Unity/Hub/Editor/2020.3.16f1/Editor/Data/MonoBleedingEdge/lib/mono/unityjit'
Mono config path = 'C:/Program Files/Unity/Hub/Editor/2020.3.16f1/Editor/Data/MonoBleedingEdge/etc'
Using monoOptions --debugger-agent=transport=dt_socket,embedding=1,server=y,suspend=n,address=127.0.0.1:56916
Begin MonoManager ReloadAssembly
Registering precompiled unity dll's ...
Register platform support module: C:/Program Files/Unity/Hub/Editor/2020.3.16f1/Editor/Data/PlaybackEngines/WindowsStandaloneSupport/UnityEditor.WindowsStandalone.Extensions.dll
Registered in 0.002942 seconds.
Native extension for WindowsStandalone target not found
Refreshing native plugins compatible for Editor in 47.77 ms, found 3 plugins.
Preloading 0 native plugins for Editor in 0.00 ms.
Mono: successfully reloaded assembly
- Completed reload, in  1.355 seconds
Domain Reload Profiling:
	ReloadAssembly (1355ms)
		BeginReloadAssembly (64ms)
			ExecutionOrderSort (0ms)
			DisableScriptedObjects (0ms)
			BackupInstance (0ms)
			ReleaseScriptingObjects (0ms)
			CreateAndSetChildDomain (1ms)
		EndReloadAssembly (491ms)
			LoadAssemblies (61ms)
			RebuildTransferFunctionScriptingTraits (0ms)
			SetupTypeCache (180ms)
			ReleaseScriptCaches (0ms)
			RebuildScriptCaches (35ms)
			SetupLoadedEditorAssemblies (189ms)
				LogAssemblyErrors (0ms)
				InitializePlatformSupportModulesInManaged (5ms)
				SetLoadedEditorAssemblies (0ms)
				RefreshPlugins (48ms)
				BeforeProcessingInitializeOnLoad (14ms)
				ProcessInitializeOnLoadAttributes (90ms)
				ProcessInitializeOnLoadMethodAttributes (32ms)
				AfterProcessingInitializeOnLoad (0ms)
				EditorAssembliesLoaded (0ms)
			ExecutionOrderSort2 (0ms)
			AwakeInstancesAfterBackupRestoration (0ms)
Platform modules already initialized, skipping
Registering precompiled user dll's ...
Registered in 0.005893 seconds.
Begin MonoManager ReloadAssembly
Native extension for WindowsStandalone target not found
Refreshing native plugins compatible for Editor in 46.96 ms, found 3 plugins.
Preloading 0 native plugins for Editor in 0.00 ms.
Mono: successfully reloaded assembly
- Completed reload, in  1.328 seconds
Domain Reload Profiling:
	ReloadAssembly (1329ms)
		BeginReloadAssembly (164ms)
			ExecutionOrderSort (0ms)
			DisableScriptedObjects (6ms)
			BackupInstance (0ms)
			ReleaseScriptingObjects (0ms)
			CreateAndSetChildDomain (19ms)
		EndReloadAssembly (1089ms)
			LoadAssemblies (106ms)
			RebuildTransferFunctionScriptingTraits (0ms)
			SetupTypeCache (322ms)
			ReleaseScriptCaches (1ms)
			RebuildScriptCaches (51ms)
			SetupLoadedEditorAssemblies (473ms)
				LogAssemblyErrors (0ms)
				InitializePlatformSupportModulesInManaged (4ms)
				SetLoadedEditorAssemblies (0ms)
				RefreshPlugins (47ms)
				BeforeProcessingInitializeOnLoad (92ms)
				ProcessInitializeOnLoadAttributes (305ms)
				ProcessInitializeOnLoadMethodAttributes (14ms)
				AfterProcessingInitializeOnLoad (10ms)
				EditorAssembliesLoaded (0ms)
			ExecutionOrderSort2 (0ms)
			AwakeInstancesAfterBackupRestoration (7ms)
Platform modules already initialized, skipping
========================================================================
Worker process is ready to serve import requests
Launched and connected shader compiler UnityShaderCompiler.exe after 0.10 seconds
Refreshing native plugins compatible for Editor in 0.50 ms, found 3 plugins.
Preloading 0 native plugins for Editor in 0.00 ms.
Unloading 2092 Unused Serialized files (Serialized files now loaded: 0)
System memory in use before: 93.8 MB.
System memory in use after: 93.8 MB.

Unloading 28 unused Assets to reduce memory usage. Loaded Objects now: 2529.
Total: 3.568300 ms (FindLiveObjects: 0.229600 ms CreateObjectMapping: 0.052400 ms MarkObjects: 3.204600 ms  DeleteObjects: 0.080100 ms)

AssetImportParameters requested are different than current active one (requested -> active):
  custom:framework-win-MediaFoundation: 216162199b28c13a410421893ffa2e32 -> 
  custom:video-decoder-ogg-theora: a1e56fd34408186e4bbccfd4996cb3dc -> 
  custom:container-muxer-webm: aa71ff27fc2769a1b78a27578f13a17b -> 
  custom:container-demuxer-webm: 4f35f7cbe854078d1ac9338744f61a02 -> 
  custom:container-demuxer-ogg: 62fdf1f143b41e24485cea50d1cbac27 -> 
  custom:video-encoder-webm-vp8: eb34c28f22e8b96e1ab97ce403110664 -> 
  custom:video-codec-MediaFoundation-h265: 746d11721c4dcdbdad8f713fa42b33f4 -> 
  custom:video-decoder-webm-vp8: 9c59270c3fd7afecdb556c50c9e8de78 -> 
  custom:audio-decoder-ogg-vorbis: bf7c407c2cedff20999df2af8eb42d56 -> 
  custom:audio-encoder-webm-vorbis: bf7c407c2cedff20999df2af8eb42d56 -> 
========================================================================
Received Import Request.
  path: Assets/Sprites/Hurt (1).png
  artifactKey: Guid(e96017dbcd951f44fbcec87c45c444ac) Importer(815301076,1909f56bfc062723c751e8b465ee728b)
Start importing Assets/Sprites/Hurt (1).png using Guid(e96017dbcd951f44fbcec87c45c444ac) Importer(815301076,1909f56bfc062723c751e8b465ee728b)  -> (artifact id: '898294a453bcf6805f5df07edfcadc14') in 0.161496 seconds 
  Import took 0.164944 seconds .

========================================================================
Received Import Request.
  Time since last request: 0.000277 seconds.
  path: Assets/Sprites/Idle (6).png
  artifactKey: Guid(c0821a1545825334082a02bd5e63340a) Importer(815301076,1909f56bfc062723c751e8b465ee728b)
Start importing Assets/Sprites/Idle (6).png using Guid(c0821a1545825334082a02bd5e63340a) Importer(815301076,1909f56bfc062723c751e8b465ee728b)  -> (artifact id: '9208bea4550854a50c9005dc69dc6c5d') in 0.019691 seconds 
  Import took 0.022786 seconds .

========================================================================
Received Import Request.
  Time since last request: 0.000281 seconds.
  path: Assets/Sprites/Jump (2).png
  artifactKey: Guid(cbaa86f9ad620194a8cd35b36484e39f) Importer(815301076,1909f56bfc062723c751e8b465ee728b)
Start importing Assets/Sprites/Jump (2).png using Guid(cbaa86f9ad620194a8cd35b36484e39f) Importer(815301076,1909f56bfc062723c751e8b465ee728b)  -> (artifact id: 'cd5d8624ff4f32088f35a1d1dd0e32a7') in 0.016943 seconds 
  Import took 0.020126 seconds .

========================================================================
Received Import Request.
  Time since last request: 0.000298 seconds.
  path: Assets/Sprites/Jump (7).png
  artifactKey: Guid(d86db48f7716af248ba107e8c92b2da7) Importer(815301076,1909f56bfc062723c751e8b465ee728b)
Start importing Assets/Sprites/Jump (7).png using Guid(d86db48f7716af248ba107e8c92b2da7) Importer(815301076,1909f56bfc062723c751e8b465ee728b)  -> (artifact id: '7a6e944f5bf7b9b3034ee01805e453cc') in 0.017362 seconds 
  Import took 0.020765 seconds .

========================================================================
Received Import Request.
  Time since last request: 0.000324 seconds.
  path: Assets/Sprites/Slide (7).png
  artifactKey: Guid(cd4b9a8cf2c18394a8b437e88e6c44c2) Importer(815301076,1909f56bfc062723c751e8b465ee728b)
Start importing Assets/Sprites/Slide (7).png using Guid(cd4b9a8cf2c18394a8b437e88e6c44c2) Importer(815301076,1909f56bfc062723c751e8b465ee728b)  -> (artifact id: '8da6e2d07be617728fed642759e724ce') in 0.018205 seconds 
  Import took 0.021618 seconds .

========================================================================
Received Import Request.
  Time since last request: 0.000319 seconds.
  path: Assets/Sprites/Walk (4).png
  artifactKey: Guid(9ca484ce258482949ba2e6cba2eb2dd1) Importer(815301076,1909f56bfc062723c751e8b465ee728b)
Start importing Assets/Sprites/Walk (4).png using Guid(9ca484ce258482949ba2e6cba2eb2dd1) Importer(815301076,1909f56bfc062723c751e8b465ee728b)  -> (artifact id: '9d0421de8c1ea713e51a1409277eae4b') in 0.019262 seconds 
  Import took 0.022800 seconds .

========================================================================
Received Import Request.
  Time since last request: 0.000374 seconds.
  path: Assets/Sprites/Slide (9).png
  artifactKey: Guid(02562a7de5a9cd843bba550e9cf5f02a) Importer(815301076,1909f56bfc062723c751e8b465ee728b)
Start importing Assets/Sprites/Slide (9).png using Guid(02562a7de5a9cd843bba550e9cf5f02a) Importer(815301076,1909f56bfc062723c751e8b465ee728b)  -> (artifact id: 'bb40234a1d23e4ad2cad60739e0be347') in 0.018435 seconds 
  Import took 0.021831 seconds .

========================================================================
Received Import Request.
  Time since last request: 0.000302 seconds.
  path: Assets/Sprites/Hurt (6).png
  artifactKey: Guid(d85211e9fa1565743823536618a7933a) Importer(815301076,1909f56bfc062723c751e8b465ee728b)
Start importing Assets/Sprites/Hurt (6).png using Guid(d85211e9fa1565743823536618a7933a) Importer(815301076,1909f56bfc062723c751e8b465ee728b)  -> (artifact id: 'bccb93ea27496015b5c1e2a89aaee03a') in 0.017497 seconds 
  Import took 0.020718 seconds .

========================================================================
Received Import Request.
  Time since last request: 0.000376 seconds.
  path: Assets/Sprites/Slide (8).png
  artifactKey: Guid(88a193095da6fb64fb642697cddf8365) Importer(815301076,1909f56bfc062723c751e8b465ee728b)
Start importing Assets/Sprites/Slide (8).png using Guid(88a193095da6fb64fb642697cddf8365) Importer(815301076,1909f56bfc062723c751e8b465ee728b)  -> (artifact id: 'fca67491b386985190b89d8584c22873') in 0.017542 seconds 
  Import took 0.020904 seconds .

========================================================================
Received Import Request.
  Time since last request: 0.000362 seconds.
  path: Assets/Sprites/Slide (5).png
  artifactKey: Guid(dac1082e492bfe841bcdfd4a26c4251e) Importer(815301076,1909f56bfc062723c751e8b465ee728b)
Start importing Assets/Sprites/Slide (5).png using Guid(dac1082e492bfe841bcdfd4a26c4251e) Importer(815301076,1909f56bfc062723c751e8b465ee728b)  -> (artifact id: '6219ec261ce610fad8e0058396b900d2') in 0.017540 seconds 
  Import took 0.021008 seconds .

========================================================================
Received Import Request.
  Time since last request: 0.000361 seconds.
  path: Assets/Sprites/Idle (3).png
  artifactKey: Guid(769b7ceb57fe3c84e9cee7a2d1860190) Importer(815301076,1909f56bfc062723c751e8b465ee728b)
Start importing Assets/Sprites/Idle (3).png using Guid(769b7ceb57fe3c84e9cee7a2d1860190) Importer(815301076,1909f56bfc062723c751e8b465ee728b)  -> (artifact id: '57b0ea45717a1e32625dca8e343fa559') in 0.018831 seconds 
  Import took 0.022330 seconds .

========================================================================
Received Import Request.
  Time since last request: 0.000327 seconds.
  path: Assets/Sprites/Slide (6).png
  artifactKey: Guid(32ba9a7280220ab47aea6bc31f54c478) Importer(815301076,1909f56bfc062723c751e8b465ee728b)
Start importing Assets/Sprites/Slide (6).png using Guid(32ba9a7280220ab47aea6bc31f54c478) Importer(815301076,1909f56bfc062723c751e8b465ee728b)  -> (artifact id: '4c5c8e191f7e5755d7d827c6f63069ad') in 0.017146 seconds 
  Import took 0.020477 seconds .

========================================================================
Received Import Request.
  Time since last request: 0.000358 seconds.
  path: Assets/Sprites/Walk (9).png
  artifactKey: Guid(191cd9ef67ccc394a99535a253de1b16) Importer(815301076,1909f56bfc062723c751e8b465ee728b)
Start importing Assets/Sprites/Walk (9).png using Guid(191cd9ef67ccc394a99535a253de1b16) Importer(815301076,1909f56bfc062723c751e8b465ee728b)  -> (artifact id: '40f4b8d71428eb02add13643eb1dfe27') in 0.017199 seconds 
  Import took 0.020544 seconds .

========================================================================
Received Import Request.
  Time since last request: 0.000348 seconds.
  path: Assets/Sprites/Idle (1).png
  artifactKey: Guid(0de7bd74b6043804580b40e5dea7deb6) Importer(815301076,1909f56bfc062723c751e8b465ee728b)
Start importing Assets/Sprites/Idle (1).png using Guid(0de7bd74b6043804580b40e5dea7deb6) Importer(815301076,1909f56bfc062723c751e8b465ee728b)  -> (artifact id: 'd787329fabe9008e179455f8d3507b87') in 0.017497 seconds 
  Import took 0.020939 seconds .

========================================================================
Received Import Request.
  Time since last request: 0.000362 seconds.
  path: Assets/Sprites/Run (4).png
  artifactKey: Guid(cc0467372cbc5ff44b658d23c777c21d) Importer(815301076,1909f56bfc062723c751e8b465ee728b)
Start importing Assets/Sprites/Run (4).png using Guid(cc0467372cbc5ff44b658d23c777c21d) Importer(815301076,1909f56bfc062723c751e8b465ee728b)  -> (artifact id: '9ffbb2b25d3e6df39c360adbefa0baff') in 0.018102 seconds 
  Import took 0.021493 seconds .

========================================================================
Received Import Request.
  Time since last request: 0.000329 seconds.
  path: Assets/Sprites/Dead (4).png
  artifactKey: Guid(1329b72d054757049863df9b5c19603d) Importer(815301076,1909f56bfc062723c751e8b465ee728b)
Start importing Assets/Sprites/Dead (4).png using Guid(1329b72d054757049863df9b5c19603d) Importer(815301076,1909f56bfc062723c751e8b465ee728b)  -> (artifact id: '92cbc799015529bfd900ac124ff5e7fc') in 0.019868 seconds 
  Import took 0.023332 seconds .

========================================================================
Received Import Request.
  Time since last request: 0.000306 seconds.
  path: Assets/Sprites/Dead (9).png
  artifactKey: Guid(51b4ad96b5d0bf64b89924d5e2330d7a) Importer(815301076,1909f56bfc062723c751e8b465ee728b)
Start importing Assets/Sprites/Dead (9).png using Guid(51b4ad96b5d0bf64b89924d5e2330d7a) Importer(815301076,1909f56bfc062723c751e8b465ee728b)  -> (artifact id: '9d5a19cfb38ebffd5b97c3cd7c8269e4') in 0.020638 seconds 
  Import took 0.023917 seconds .

========================================================================
Received Import Request.
  Time since last request: 0.000405 seconds.
  path: Assets/Sprites/Run (8).png
  artifactKey: Guid(2b29702db05bc50438864d5c7c527c39) Importer(815301076,1909f56bfc062723c751e8b465ee728b)
Start importing Assets/Sprites/Run (8).png using Guid(2b29702db05bc50438864d5c7c527c39) Importer(815301076,1909f56bfc062723c751e8b465ee728b)  -> (artifact id: '28ac71d06fd3c905c14d5a929f404e8a') in 0.018298 seconds 
  Import took 0.021753 seconds .

========================================================================
Received Import Request.
  Time since last request: 0.000290 seconds.
  path: Assets/Sprites/Walk (8).png
  artifactKey: Guid(74f09947ba7895741b748515e82aae78) Importer(815301076,1909f56bfc062723c751e8b465ee728b)
Start importing Assets/Sprites/Walk (8).png using Guid(74f09947ba7895741b748515e82aae78) Importer(815301076,1909f56bfc062723c751e8b465ee728b)  -> (artifact id: '4505342141af893a9585a0fc56f589a6') in 0.017967 seconds 
  Import took 0.021271 seconds .

========================================================================
Received Import Request.
  Time since last request: 0.000360 seconds.
  path: Assets/Sprites/Walk (3).png
  artifactKey: Guid(8d208ddb860b23e48b2f62071c685492) Importer(815301076,1909f56bfc062723c751e8b465ee728b)
Start importing Assets/Sprites/Walk (3).png using Guid(8d208ddb860b23e48b2f62071c685492) Importer(815301076,1909f56bfc062723c751e8b465ee728b)  -> (artifact id: '90f278aea56c2a25dfeb012ed335236a') in 0.018777 seconds 
  Import took 0.022297 seconds .

========================================================================
Received Import Request.
  Time since last request: 0.000370 seconds.
  path: Assets/Sprites/Hurt (9).png
  artifactKey: Guid(f0c471f2659ce03458c606156d874f48) Importer(815301076,1909f56bfc062723c751e8b465ee728b)
Start importing Assets/Sprites/Hurt (9).png using Guid(f0c471f2659ce03458c606156d874f48) Importer(815301076,1909f56bfc062723c751e8b465ee728b)  -> (artifact id: '126ae8055ab16ef8c95d4658a69aebd7') in 0.018519 seconds 
  Import took 0.022016 seconds .

========================================================================
Received Import Request.
  Time since last request: 0.000314 seconds.
  path: Assets/Sprites/Run (2).png
  artifactKey: Guid(fb6deab6cb395014eab36ef3a7100c4d) Importer(815301076,1909f56bfc062723c751e8b465ee728b)
Start importing Assets/Sprites/Run (2).png using Guid(fb6deab6cb395014eab36ef3a7100c4d) Importer(815301076,1909f56bfc062723c751e8b465ee728b)  -> (artifact id: '3a078790eb5ad8da09129d63d0d5b2a3') in 0.017766 seconds 
  Import took 0.021226 seconds .

========================================================================
Received Import Request.
  Time since last request: 0.000326 seconds.
  path: Assets/Sprites/Hurt (5).png
  artifactKey: Guid(94a8f614b548b414183383adb0617c7d) Importer(815301076,1909f56bfc062723c751e8b465ee728b)
Start importing Assets/Sprites/Hurt (5).png using Guid(94a8f614b548b414183383adb0617c7d) Importer(815301076,1909f56bfc062723c751e8b465ee728b)  -> (artifact id: '2386dd971fa8feb648e0706ece5915e4') in 0.018355 seconds 
  Import took 0.021754 seconds .

========================================================================
Received Import Request.
  Time since last request: 0.000287 seconds.
  path: Assets/Sprites/Walk (5).png
  artifactKey: Guid(553b47a138e404a4fb98e4720d0e8772) Importer(815301076,1909f56bfc062723c751e8b465ee728b)
Start importing Assets/Sprites/Walk (5).png using Guid(553b47a138e404a4fb98e4720d0e8772) Importer(815301076,1909f56bfc062723c751e8b465ee728b)  -> (artifact id: '9c784856faf77c44f4bbd84786157f06') in 0.018498 seconds 
  Import took 0.021881 seconds .

========================================================================
Received Import Request.
  Time since last request: 0.000385 seconds.
  path: Assets/Sprites/Hurt (7).png
  artifactKey: Guid(c85221b6b97a02d47a70b61d03f1553e) Importer(815301076,1909f56bfc062723c751e8b465ee728b)
Start importing Assets/Sprites/Hurt (7).png using Guid(c85221b6b97a02d47a70b61d03f1553e) Importer(815301076,1909f56bfc062723c751e8b465ee728b)  -> (artifact id: 'fe88046ba6256d477049466449cdda33') in 0.018185 seconds 
  Import took 0.021755 seconds .

========================================================================
Received Import Request.
  Time since last request: 0.000396 seconds.
  path: Assets/Sprites/Walk (1).png
  artifactKey: Guid(ef76b01590367444da339d59c1e0ce16) Importer(815301076,1909f56bfc062723c751e8b465ee728b)
Start importing Assets/Sprites/Walk (1).png using Guid(ef76b01590367444da339d59c1e0ce16) Importer(815301076,1909f56bfc062723c751e8b465ee728b)  -> (artifact id: 'c1c03dfc987e6ad15e3ce49462f42245') in 0.017833 seconds 
  Import took 0.021316 seconds .

========================================================================
Received Import Request.
  Time since last request: 0.000403 seconds.
  path: Assets/Sprites/Slide (10).png
  artifactKey: Guid(a840dee87a5b4c64d8f414182d8691f4) Importer(815301076,1909f56bfc062723c751e8b465ee728b)
Start importing Assets/Sprites/Slide (10).png using Guid(a840dee87a5b4c64d8f414182d8691f4) Importer(815301076,1909f56bfc062723c751e8b465ee728b)  -> (artifact id: '925cf3fe13d288c4d65a309fe58ce222') in 0.017338 seconds 
  Import took 0.021251 seconds .

========================================================================
Received Import Request.
  Time since last request: 0.000352 seconds.
  path: Assets/Sprites/Run (7).png
  artifactKey: Guid(8b5ec8976ade0484f86e712a2cbac921) Importer(815301076,1909f56bfc062723c751e8b465ee728b)
Start importing Assets/Sprites/Run (7).png using Guid(8b5ec8976ade0484f86e712a2cbac921) Importer(815301076,1909f56bfc062723c751e8b465ee728b)  -> (artifact id: '16b2375b299ab9352b35a40dfd163d57') in 0.018262 seconds 
  Import took 0.021791 seconds .

========================================================================
Received Import Request.
  Time since last request: 0.000324 seconds.
  path: Assets/Sprites/Slide (3).png
  artifactKey: Guid(92d96ca89b2a8a0428b5198f29e0ac7d) Importer(815301076,1909f56bfc062723c751e8b465ee728b)
Start importing Assets/Sprites/Slide (3).png using Guid(92d96ca89b2a8a0428b5198f29e0ac7d) Importer(815301076,1909f56bfc062723c751e8b465ee728b)  -> (artifact id: '0d853c612f03b75eb2909515e16cb3f0') in 0.018343 seconds 
  Import took 0.021801 seconds .

========================================================================
Received Import Request.
  Time since last request: 0.000340 seconds.
  path: Assets/Sprites/Jump (6).png
  artifactKey: Guid(44d17f429b7a3a04cab3cdbecc69e87f) Importer(815301076,1909f56bfc062723c751e8b465ee728b)
Start importing Assets/Sprites/Jump (6).png using Guid(44d17f429b7a3a04cab3cdbecc69e87f) Importer(815301076,1909f56bfc062723c751e8b465ee728b)  -> (artifact id: 'c320028c4296968734b85f2f1bd183fa') in 0.017744 seconds 
  Import took 0.021012 seconds .

========================================================================
Received Import Request.
  Time since last request: 0.000282 seconds.
  path: Assets/Sprites/Jump (3).png
  artifactKey: Guid(740ae50a4b3a4764984242677d258e59) Importer(815301076,1909f56bfc062723c751e8b465ee728b)
Start importing Assets/Sprites/Jump (3).png using Guid(740ae50a4b3a4764984242677d258e59) Importer(815301076,1909f56bfc062723c751e8b465ee728b)  -> (artifact id: '1eb0a1d3a9ba5060346c1afe2b624805') in 0.019415 seconds 
  Import took 0.022936 seconds .

========================================================================
Received Import Request.
  Time since last request: 0.000300 seconds.
  path: Assets/Sprites/Walk (6).png
  artifactKey: Guid(def26d2573c106e4aa79abd1b5bef4d5) Importer(815301076,1909f56bfc062723c751e8b465ee728b)
Start importing Assets/Sprites/Walk (6).png using Guid(def26d2573c106e4aa79abd1b5bef4d5) Importer(815301076,1909f56bfc062723c751e8b465ee728b)  -> (artifact id: '786f8c960cdfb4b6ce5718461c92804f') in 0.017904 seconds 
  Import took 0.021231 seconds .

========================================================================
Received Import Request.
  Time since last request: 0.000335 seconds.
  path: Assets/Sprites/Idle (7).png
  artifactKey: Guid(2b6a2701f83127d4abd8f62c8450f01c) Importer(815301076,1909f56bfc062723c751e8b465ee728b)
Start importing Assets/Sprites/Idle (7).png using Guid(2b6a2701f83127d4abd8f62c8450f01c) Importer(815301076,1909f56bfc062723c751e8b465ee728b)  -> (artifact id: 'a4dacb7126affcf2cbf2a82ac8f0cc52') in 0.017261 seconds 
  Import took 0.020581 seconds .

========================================================================
Received Import Request.
  Time since last request: 0.000254 seconds.
  path: Assets/Sprites/Idle (5).png
  artifactKey: Guid(d3e6fdb933928ec419df102fafc1657f) Importer(815301076,1909f56bfc062723c751e8b465ee728b)
Start importing Assets/Sprites/Idle (5).png using Guid(d3e6fdb933928ec419df102fafc1657f) Importer(815301076,1909f56bfc062723c751e8b465ee728b)  -> (artifact id: '7d7bc4bf03d080d0ee3bd85f882d29cc') in 0.017504 seconds 
  Import took 0.020830 seconds .

========================================================================
Received Import Request.
  Time since last request: 0.000273 seconds.
  path: Assets/Sprites/Idle (7).png
  artifactKey: Guid(2b6a2701f83127d4abd8f62c8450f01c) Importer(815301076,1909f56bfc062723c751e8b465ee728b)
Start importing Assets/Sprites/Idle (7).png using Guid(2b6a2701f83127d4abd8f62c8450f01c) Importer(815301076,1909f56bfc062723c751e8b465ee728b)  -> (artifact id: 'a4dacb7126affcf2cbf2a82ac8f0cc52') in 0.016759 seconds 
  Import took 0.020278 seconds .

========================================================================
Received Import Request.
  Time since last request: 0.000282 seconds.
  path: Assets/Sprites/Walk (7).png
  artifactKey: Guid(8c4ce33568f685d4fbad50ae9d28ee58) Importer(815301076,1909f56bfc062723c751e8b465ee728b)
Start importing Assets/Sprites/Walk (7).png using Guid(8c4ce33568f685d4fbad50ae9d28ee58) Importer(815301076,1909f56bfc062723c751e8b465ee728b)  -> (artifact id: 'b9e2b55a3f5bc56581f174a8272c860b') in 0.015888 seconds 
  Import took 0.018916 seconds .

========================================================================
Received Import Request.
  Time since last request: 0.000304 seconds.
  path: Assets/Sprites/Run (1).png
  artifactKey: Guid(49177d2c865d690478d7cabb5a1e6579) Importer(815301076,1909f56bfc062723c751e8b465ee728b)
Start importing Assets/Sprites/Run (1).png using Guid(49177d2c865d690478d7cabb5a1e6579) Importer(815301076,1909f56bfc062723c751e8b465ee728b)  -> (artifact id: 'b06d29b20e1515f37db00f2fd0c54dd2') in 0.016265 seconds 
  Import took 0.019443 seconds .

========================================================================
Received Import Request.
  Time since last request: 0.000358 seconds.
  path: Assets/Sprites/Hurt (4).png
  artifactKey: Guid(173afaeee706dd84bad3f8409be4abbf) Importer(815301076,1909f56bfc062723c751e8b465ee728b)
Start importing Assets/Sprites/Hurt (4).png using Guid(173afaeee706dd84bad3f8409be4abbf) Importer(815301076,1909f56bfc062723c751e8b465ee728b)  -> (artifact id: '977c8301671aae68684e73b037e69dc0') in 0.016099 seconds 
  Import took 0.019487 seconds .

========================================================================
Received Import Request.
  Time since last request: 0.000288 seconds.
  path: Assets/Sprites/Hurt (3).png
  artifactKey: Guid(112704367b9eca14cb5757df38f44e24) Importer(815301076,1909f56bfc062723c751e8b465ee728b)
Start importing Assets/Sprites/Hurt (3).png using Guid(112704367b9eca14cb5757df38f44e24) Importer(815301076,1909f56bfc062723c751e8b465ee728b)  -> (artifact id: '10eed703b1188bf4f1be26d04aa1d027') in 0.017530 seconds 
  Import took 0.020575 seconds .

========================================================================
Received Import Request.
  Time since last request: 0.000272 seconds.
  path: Assets/Sprites/Walk (10).png
  artifactKey: Guid(f7d3a4306a09985428dab838bee74a88) Importer(815301076,1909f56bfc062723c751e8b465ee728b)
Start importing Assets/Sprites/Walk (10).png using Guid(f7d3a4306a09985428dab838bee74a88) Importer(815301076,1909f56bfc062723c751e8b465ee728b)  -> (artifact id: '4729f557eaf933052ac7a9dd0a4cd9bb') in 0.015135 seconds 
  Import took 0.018279 seconds .

========================================================================
Received Import Request.
  Time since last request: 0.000238 seconds.
  path: Assets/Sprites/Fall (8).png
  artifactKey: Guid(0f0afca4e3eef99498ea1ecd7b4a4872) Importer(815301076,1909f56bfc062723c751e8b465ee728b)
Start importing Assets/Sprites/Fall (8).png using Guid(0f0afca4e3eef99498ea1ecd7b4a4872) Importer(815301076,1909f56bfc062723c751e8b465ee728b)  -> (artifact id: '208da13018f9050c43be88aa18ba1270') in 0.017832 seconds 
  Import took 0.021062 seconds .

========================================================================
Received Import Request.
  Time since last request: 0.000310 seconds.
  path: Assets/Sprites/Dead (1).png
  artifactKey: Guid(1b1d691c7baac4848a8e6094fad37e0c) Importer(815301076,1909f56bfc062723c751e8b465ee728b)
Start importing Assets/Sprites/Dead (1).png using Guid(1b1d691c7baac4848a8e6094fad37e0c) Importer(815301076,1909f56bfc062723c751e8b465ee728b)  -> (artifact id: '871e8ab0ac89486d21c124551efa8a87') in 0.018212 seconds 
  Import took 0.021645 seconds .

========================================================================
Received Import Request.
  Time since last request: 0.000274 seconds.
  path: Assets/Sprites/Run (3).png
  artifactKey: Guid(01f2add568f845f479374be93c85075a) Importer(815301076,1909f56bfc062723c751e8b465ee728b)
Start importing Assets/Sprites/Run (3).png using Guid(01f2add568f845f479374be93c85075a) Importer(815301076,1909f56bfc062723c751e8b465ee728b)  -> (artifact id: '58b496c12d5cba9290fe362ca19ab25d') in 0.017589 seconds 
  Import took 0.020987 seconds .

========================================================================
Received Import Request.
  Time since last request: 0.000278 seconds.
  path: Assets/Sprites/Fall (1).png
  artifactKey: Guid(645030096b1c2334f88f7f40a68ce2d8) Importer(815301076,1909f56bfc062723c751e8b465ee728b)
Start importing Assets/Sprites/Fall (1).png using Guid(645030096b1c2334f88f7f40a68ce2d8) Importer(815301076,1909f56bfc062723c751e8b465ee728b)  -> (artifact id: '32b98e6a826cb6248fc20a94017644c7') in 0.018766 seconds 
  Import took 0.022233 seconds .

========================================================================
Received Import Request.
  Time since last request: 0.000365 seconds.
  path: Assets/Sprites/Fall (3).png
  artifactKey: Guid(9cd74d6891148194785d10f26b73f2de) Importer(815301076,1909f56bfc062723c751e8b465ee728b)
Start importing Assets/Sprites/Fall (3).png using Guid(9cd74d6891148194785d10f26b73f2de) Importer(815301076,1909f56bfc062723c751e8b465ee728b)  -> (artifact id: '39d9eefcdca5715fdbe751e664df4089') in 0.018840 seconds 
  Import took 0.023117 seconds .

========================================================================
Received Import Request.
  Time since last request: 0.000293 seconds.
  path: Assets/Sprites/Walk (2).png
  artifactKey: Guid(8e09926a063785b448e3eadef607682e) Importer(815301076,1909f56bfc062723c751e8b465ee728b)
Start importing Assets/Sprites/Walk (2).png using Guid(8e09926a063785b448e3eadef607682e) Importer(815301076,1909f56bfc062723c751e8b465ee728b)  -> (artifact id: '170067a689232eddbf77c5fb66ee9ff1') in 0.021095 seconds 
  Import took 0.025224 seconds .

========================================================================
Received Import Request.
  Time since last request: 0.000344 seconds.
  path: Assets/Sprites/Idle (4).png
  artifactKey: Guid(175b9239d5849444a939cb721e4c6682) Importer(815301076,1909f56bfc062723c751e8b465ee728b)
Start importing Assets/Sprites/Idle (4).png using Guid(175b9239d5849444a939cb721e4c6682) Importer(815301076,1909f56bfc062723c751e8b465ee728b)  -> (artifact id: '6f5190495ba08f23d6786012470262d8') in 0.021204 seconds 
  Import took 0.025910 seconds .

========================================================================
Received Import Request.
  Time since last request: 0.000327 seconds.
  path: Assets/Sprites/Dead (8).png
  artifactKey: Guid(f3716c062084b5249aa55055dc167b0d) Importer(815301076,1909f56bfc062723c751e8b465ee728b)
Start importing Assets/Sprites/Dead (8).png using Guid(f3716c062084b5249aa55055dc167b0d) Importer(815301076,1909f56bfc062723c751e8b465ee728b)  -> (artifact id: '1b778f3b056b0bf08a6fbec935de0d11') in 0.023500 seconds 
  Import took 0.027740 seconds .

========================================================================
Received Import Request.
  Time since last request: 0.000347 seconds.
  path: Assets/Sprites/Idle (9).png
  artifactKey: Guid(097250fe063e0164ab5bbf55880b1127) Importer(815301076,1909f56bfc062723c751e8b465ee728b)
Start importing Assets/Sprites/Idle (9).png using Guid(097250fe063e0164ab5bbf55880b1127) Importer(815301076,1909f56bfc062723c751e8b465ee728b)  -> (artifact id: 'f1df1774f166ade10d353dd7c8aff998') in 0.026589 seconds 
  Import took 0.030702 seconds .

========================================================================
Received Import Request.
  Time since last request: 0.000284 seconds.
  path: Assets/Sprites/Dead (5).png
  artifactKey: Guid(26ea607df0bde364ab602dfdd11efcfe) Importer(815301076,1909f56bfc062723c751e8b465ee728b)
Start importing Assets/Sprites/Dead (5).png using Guid(26ea607df0bde364ab602dfdd11efcfe) Importer(815301076,1909f56bfc062723c751e8b465ee728b)  -> (artifact id: 'ac852d7c58e5c762b1fe4eefbfbd0e72') in 0.021107 seconds 
  Import took 0.024863 seconds .

========================================================================
Received Import Request.
  Time since last request: 0.000316 seconds.
  path: Assets/Sprites/Dead (7).png
  artifactKey: Guid(ffd4a8b1899de9b4884d16b3ed35f437) Importer(815301076,1909f56bfc062723c751e8b465ee728b)
Start importing Assets/Sprites/Dead (7).png using Guid(ffd4a8b1899de9b4884d16b3ed35f437) Importer(815301076,1909f56bfc062723c751e8b465ee728b)  -> (artifact id: '66febd015224b65db1c86c461008efda') in 0.018895 seconds 
  Import took 0.022525 seconds .

========================================================================
Received Import Request.
  Time since last request: 0.000345 seconds.
  path: Assets/Sprites/Slide (4).png
  artifactKey: Guid(ebb78743c4049494caf5c0c80d191d81) Importer(815301076,1909f56bfc062723c751e8b465ee728b)
Start importing Assets/Sprites/Slide (4).png using Guid(ebb78743c4049494caf5c0c80d191d81) Importer(815301076,1909f56bfc062723c751e8b465ee728b)  -> (artifact id: '28444b7aed70e3baf17f9a51373c777e') in 0.017098 seconds 
  Import took 0.020523 seconds .

========================================================================
Received Import Request.
  Time since last request: 0.000325 seconds.
  path: Assets/Sprites/Idle (10).png
  artifactKey: Guid(a5add08202b671e48b6c5e2b49933d82) Importer(815301076,1909f56bfc062723c751e8b465ee728b)
Start importing Assets/Sprites/Idle (10).png using Guid(a5add08202b671e48b6c5e2b49933d82) Importer(815301076,1909f56bfc062723c751e8b465ee728b)  -> (artifact id: 'e3103da3bef8c5af2d7d7d0d2868607d') in 0.017779 seconds 
  Import took 0.021140 seconds .

========================================================================
Received Import Request.
  Time since last request: 0.000331 seconds.
  path: Assets/Sprites/Run (5).png
  artifactKey: Guid(c2089f4f2dc3aa44ba3cd029f9b35a97) Importer(815301076,1909f56bfc062723c751e8b465ee728b)
Start importing Assets/Sprites/Run (5).png using Guid(c2089f4f2dc3aa44ba3cd029f9b35a97) Importer(815301076,1909f56bfc062723c751e8b465ee728b)  -> (artifact id: '5aea8f533c1b709ff8d423c6e32a02df') in 0.018366 seconds 
  Import took 0.021860 seconds .

========================================================================
Received Import Request.
  Time since last request: 0.000287 seconds.
  path: Assets/Sprites/Dead (2).png
  artifactKey: Guid(b880f7939a4d1ef46920fab0a93520d6) Importer(815301076,1909f56bfc062723c751e8b465ee728b)
Start importing Assets/Sprites/Dead (2).png using Guid(b880f7939a4d1ef46920fab0a93520d6) Importer(815301076,1909f56bfc062723c751e8b465ee728b)  -> (artifact id: '7e52b2dabd3c02679383e81f48a51637') in 0.018155 seconds 
  Import took 0.021594 seconds .

========================================================================
Received Import Request.
  Time since last request: 0.000287 seconds.
  path: Assets/Sprites/Hurt (2).png
  artifactKey: Guid(5b612b637c168c4499f135fe9bd87758) Importer(815301076,1909f56bfc062723c751e8b465ee728b)
Start importing Assets/Sprites/Hurt (2).png using Guid(5b612b637c168c4499f135fe9bd87758) Importer(815301076,1909f56bfc062723c751e8b465ee728b)  -> (artifact id: '5fc843d7da74a5812180904f07893f54') in 0.017575 seconds 
  Import took 0.021402 seconds .

========================================================================
Received Import Request.
  Time since last request: 0.000321 seconds.
  path: Assets/Sprites/Jump (8).png
  artifactKey: Guid(189aa24c448cca749a3adaff7e7da9be) Importer(815301076,1909f56bfc062723c751e8b465ee728b)
Start importing Assets/Sprites/Jump (8).png using Guid(189aa24c448cca749a3adaff7e7da9be) Importer(815301076,1909f56bfc062723c751e8b465ee728b)  -> (artifact id: '64799b2b350efd13a764d74f853fb3a4') in 0.017563 seconds 
  Import took 0.021226 seconds .

========================================================================
Received Import Request.
  Time since last request: 0.000263 seconds.
  path: Assets/Sprites/Jump (5).png
  artifactKey: Guid(72369b0ff88d0ef40ba25e23f7c63f25) Importer(815301076,1909f56bfc062723c751e8b465ee728b)
Start importing Assets/Sprites/Jump (5).png using Guid(72369b0ff88d0ef40ba25e23f7c63f25) Importer(815301076,1909f56bfc062723c751e8b465ee728b)  -> (artifact id: 'd4ff9f14d400d87fab68b3c809d56f89') in 0.016320 seconds 
  Import took 0.019824 seconds .

========================================================================
Received Import Request.
  Time since last request: 0.000250 seconds.
  path: Assets/Sprites/Jump (8).png
  artifactKey: Guid(189aa24c448cca749a3adaff7e7da9be) Importer(815301076,1909f56bfc062723c751e8b465ee728b)
Start importing Assets/Sprites/Jump (8).png using Guid(189aa24c448cca749a3adaff7e7da9be) Importer(815301076,1909f56bfc062723c751e8b465ee728b)  -> (artifact id: '64799b2b350efd13a764d74f853fb3a4') in 0.013142 seconds 
  Import took 0.016355 seconds .

========================================================================
Received Import Request.
  Time since last request: 0.000254 seconds.
  path: Assets/Sprites/Hurt (10).png
  artifactKey: Guid(ebb9527f3dee6e049bd81cc30045f57b) Importer(815301076,1909f56bfc062723c751e8b465ee728b)
Start importing Assets/Sprites/Hurt (10).png using Guid(ebb9527f3dee6e049bd81cc30045f57b) Importer(815301076,1909f56bfc062723c751e8b465ee728b)  -> (artifact id: '8ba2f602a69c98787950f2c8d4250fc7') in 0.016810 seconds 
  Import took 0.019890 seconds .

========================================================================
Received Import Request.
  Time since last request: 0.000299 seconds.
  path: Assets/Sprites/Slide (2).png
  artifactKey: Guid(984502bcfa5a170489043843dd38e2d3) Importer(815301076,1909f56bfc062723c751e8b465ee728b)
Start importing Assets/Sprites/Slide (2).png using Guid(984502bcfa5a170489043843dd38e2d3) Importer(815301076,1909f56bfc062723c751e8b465ee728b)  -> (artifact id: '339e8cf8980a4fe7742541dc07c491e1') in 0.015905 seconds 
  Import took 0.019199 seconds .

========================================================================
Received Import Request.
  Time since last request: 0.000245 seconds.
  path: Assets/Sprites/Slide (1).png
  artifactKey: Guid(ad1ac84de21e8cb44b8403a0186da1f9) Importer(815301076,1909f56bfc062723c751e8b465ee728b)
Start importing Assets/Sprites/Slide (1).png using Guid(ad1ac84de21e8cb44b8403a0186da1f9) Importer(815301076,1909f56bfc062723c751e8b465ee728b)  -> (artifact id: 'a7cda39cc0c0b48195100cf33ae9b0ca') in 0.015417 seconds 
  Import took 0.018655 seconds .

========================================================================
Received Import Request.
  Time since last request: 0.000240 seconds.
  path: Assets/Sprites/Dead (10).png
  artifactKey: Guid(c3ed61123fc60574b8d08f1856cce55c) Importer(815301076,1909f56bfc062723c751e8b465ee728b)
Start importing Assets/Sprites/Dead (10).png using Guid(c3ed61123fc60574b8d08f1856cce55c) Importer(815301076,1909f56bfc062723c751e8b465ee728b)  -> (artifact id: '48f53d61c1d0bd618e8c884d0b23292f') in 0.016160 seconds 
  Import took 0.019393 seconds .

========================================================================
Received Import Request.
  Time since last request: 0.000264 seconds.
  path: Assets/Sprites/Fall (6).png
  artifactKey: Guid(0dd74c364c008bf46991f88a8252c157) Importer(815301076,1909f56bfc062723c751e8b465ee728b)
Start importing Assets/Sprites/Fall (6).png using Guid(0dd74c364c008bf46991f88a8252c157) Importer(815301076,1909f56bfc062723c751e8b465ee728b)  -> (artifact id: '57d9d746ef7ed1d2a7e746f6242c3723') in 0.017757 seconds 
  Import took 0.021042 seconds .

========================================================================
Received Import Request.
  Time since last request: 0.000254 seconds.
  path: Assets/Sprites/Fall (7).png
  artifactKey: Guid(3aa9739691f91b247a217ebb4ab55a63) Importer(815301076,1909f56bfc062723c751e8b465ee728b)
Start importing Assets/Sprites/Fall (7).png using Guid(3aa9739691f91b247a217ebb4ab55a63) Importer(815301076,1909f56bfc062723c751e8b465ee728b)  -> (artifact id: '23b12bac75f63057a1ef1e4de8dacca4') in 0.017133 seconds 
  Import took 0.020574 seconds .

========================================================================
Received Import Request.
  Time since last request: 0.000277 seconds.
  path: Assets/Sprites/Idle (8).png
  artifactKey: Guid(d96888f9835973f4ba2ad487cd2270c0) Importer(815301076,1909f56bfc062723c751e8b465ee728b)
Start importing Assets/Sprites/Idle (8).png using Guid(d96888f9835973f4ba2ad487cd2270c0) Importer(815301076,1909f56bfc062723c751e8b465ee728b)  -> (artifact id: '7c3ebd4f8faedbb103b26d824e201187') in 0.016552 seconds 
  Import took 0.020019 seconds .

========================================================================
Received Import Request.
  Time since last request: 0.000267 seconds.
  path: Assets/Sprites/Hurt (8).png
  artifactKey: Guid(a73106b7c92d9c5438f06f0eed7e0857) Importer(815301076,1909f56bfc062723c751e8b465ee728b)
Start importing Assets/Sprites/Hurt (8).png using Guid(a73106b7c92d9c5438f06f0eed7e0857) Importer(815301076,1909f56bfc062723c751e8b465ee728b)  -> (artifact id: 'fdd35f785a637e19b08fa98037247a7d') in 0.017168 seconds 
  Import took 0.020328 seconds .

========================================================================
Received Import Request.
  Time since last request: 0.000265 seconds.
  path: Assets/Sprites/Jump (1).png
  artifactKey: Guid(be8ad75e220d27141afbad3113dd01c2) Importer(815301076,1909f56bfc062723c751e8b465ee728b)
Start importing Assets/Sprites/Jump (1).png using Guid(be8ad75e220d27141afbad3113dd01c2) Importer(815301076,1909f56bfc062723c751e8b465ee728b)  -> (artifact id: 'de16328a5c2ea356ac24fc8ed9ea741d') in 0.016863 seconds 
  Import took 0.020214 seconds .

========================================================================
Received Import Request.
  Time since last request: 0.000291 seconds.
  path: Assets/Sprites/Fall (2).png
  artifactKey: Guid(c233bd885c5468a41a7851487d0224bc) Importer(815301076,1909f56bfc062723c751e8b465ee728b)
Start importing Assets/Sprites/Fall (2).png using Guid(c233bd885c5468a41a7851487d0224bc) Importer(815301076,1909f56bfc062723c751e8b465ee728b)  -> (artifact id: '1f799c7e712ae8d6aa95f453fbc10340') in 0.015610 seconds 
  Import took 0.018806 seconds .

========================================================================
Received Import Request.
  Time since last request: 0.000242 seconds.
  path: Assets/Sprites/Jump (4).png
  artifactKey: Guid(cd9ef7f040bdfc947a259bb30c48535d) Importer(815301076,1909f56bfc062723c751e8b465ee728b)
Start importing Assets/Sprites/Jump (4).png using Guid(cd9ef7f040bdfc947a259bb30c48535d) Importer(815301076,1909f56bfc062723c751e8b465ee728b)  -> (artifact id: 'd1eb713ac18976e0a53fa5bdfabbbf44') in 0.016580 seconds 
  Import took 0.019974 seconds .

========================================================================
Received Import Request.
  Time since last request: 0.000316 seconds.
  path: Assets/Sprites/Run (6).png
  artifactKey: Guid(67e2ee3b4ad25b8499b619d3e166079b) Importer(815301076,1909f56bfc062723c751e8b465ee728b)
Start importing Assets/Sprites/Run (6).png using Guid(67e2ee3b4ad25b8499b619d3e166079b) Importer(815301076,1909f56bfc062723c751e8b465ee728b)  -> (artifact id: 'ce65a9eb2fab808e500199dee4ccfac2') in 0.017137 seconds 
  Import took 0.021011 seconds .

========================================================================
Received Import Request.
  Time since last request: 0.000356 seconds.
  path: Assets/Sprites/Idle (2).png
  artifactKey: Guid(a5a66b6d436f0024b99629a2ea2f3654) Importer(815301076,1909f56bfc062723c751e8b465ee728b)
Start importing Assets/Sprites/Idle (2).png using Guid(a5a66b6d436f0024b99629a2ea2f3654) Importer(815301076,1909f56bfc062723c751e8b465ee728b)  -> (artifact id: '95a147266321bd61106aa0ddd7cebe31') in 0.017135 seconds 
  Import took 0.020547 seconds .

========================================================================
Received Import Request.
  Time since last request: 0.000279 seconds.
  path: Assets/Sprites/Fall (4).png
  artifactKey: Guid(d251398f6b5155c44b53cc43d46e9817) Importer(815301076,1909f56bfc062723c751e8b465ee728b)
Start importing Assets/Sprites/Fall (4).png using Guid(d251398f6b5155c44b53cc43d46e9817) Importer(815301076,1909f56bfc062723c751e8b465ee728b)  -> (artifact id: '3d9b0b9def5a36afa39c591330df074a') in 0.017653 seconds 
  Import took 0.020654 seconds .

========================================================================
Received Import Request.
  Time since last request: 0.000327 seconds.
  path: Assets/Sprites/Fall (5).png
  artifactKey: Guid(ada838f37afe78c498c9c0c20d0994ab) Importer(815301076,1909f56bfc062723c751e8b465ee728b)
Start importing Assets/Sprites/Fall (5).png using Guid(ada838f37afe78c498c9c0c20d0994ab) Importer(815301076,1909f56bfc062723c751e8b465ee728b)  -> (artifact id: '203f9ed4109578a6365a500a4bd673a5') in 0.017829 seconds 
  Import took 0.021024 seconds .

========================================================================
Received Import Request.
  Time since last request: 0.000243 seconds.
  path: Assets/Sprites/Dead (3).png
  artifactKey: Guid(8be2b02f557f9af47b5a733d265bdfdb) Importer(815301076,1909f56bfc062723c751e8b465ee728b)
Start importing Assets/Sprites/Dead (3).png using Guid(8be2b02f557f9af47b5a733d265bdfdb) Importer(815301076,1909f56bfc062723c751e8b465ee728b)  -> (artifact id: '8481df5f1687119fa4d39d3378431b70') in 0.017265 seconds 
  Import took 0.020329 seconds .

========================================================================
Received Import Request.
  Time since last request: 0.000240 seconds.
  path: Assets/Sprites/Dead (6).png
  artifactKey: Guid(4c8b02b90c73e484fa1e2a0b3646f963) Importer(815301076,1909f56bfc062723c751e8b465ee728b)
Start importing Assets/Sprites/Dead (6).png using Guid(4c8b02b90c73e484fa1e2a0b3646f963) Importer(815301076,1909f56bfc062723c751e8b465ee728b)  -> (artifact id: 'a95310ee467561cbce35155db77d95c2') in 0.016996 seconds 
  Import took 0.020093 seconds .

========================================================================
Received Prepare
Registering precompiled user dll's ...
Registered in 0.005849 seconds.
Begin MonoManager ReloadAssembly
Native extension for WindowsStandalone target not found
Refreshing native plugins compatible for Editor in 0.54 ms, found 3 plugins.
Preloading 0 native plugins for Editor in 0.00 ms.
Mono: successfully reloaded assembly
- Completed reload, in  1.223 seconds
Domain Reload Profiling:
	ReloadAssembly (1224ms)
		BeginReloadAssembly (126ms)
			ExecutionOrderSort (0ms)
			DisableScriptedObjects (7ms)
			BackupInstance (0ms)
			ReleaseScriptingObjects (0ms)
			CreateAndSetChildDomain (37ms)
		EndReloadAssembly (1020ms)
			LoadAssemblies (104ms)
			RebuildTransferFunctionScriptingTraits (0ms)
			SetupTypeCache (321ms)
			ReleaseScriptCaches (1ms)
			RebuildScriptCaches (45ms)
			SetupLoadedEditorAssemblies (434ms)
				LogAssemblyErrors (0ms)
				InitializePlatformSupportModulesInManaged (5ms)
				SetLoadedEditorAssemblies (0ms)
				RefreshPlugins (1ms)
				BeforeProcessingInitializeOnLoad (108ms)
				ProcessInitializeOnLoadAttributes (301ms)
				ProcessInitializeOnLoadMethodAttributes (8ms)
				AfterProcessingInitializeOnLoad (11ms)
				EditorAssembliesLoaded (0ms)
			ExecutionOrderSort2 (0ms)
			AwakeInstancesAfterBackupRestoration (13ms)
Platform modules already initialized, skipping
Refreshing native plugins compatible for Editor in 0.55 ms, found 3 plugins.
Preloading 0 native plugins for Editor in 0.00 ms.
Unloading 2082 Unused Serialized files (Serialized files now loaded: 0)
System memory in use before: 96.2 MB.
System memory in use after: 96.3 MB.

Unloading 16 unused Assets to reduce memory usage. Loaded Objects now: 2538.
Total: 3.371500 ms (FindLiveObjects: 0.211800 ms CreateObjectMapping: 0.050300 ms MarkObjects: 3.086900 ms  DeleteObjects: 0.021200 ms)

AssetImportParameters requested are different than current active one (requested -> active):
  custom:framework-win-MediaFoundation: 216162199b28c13a410421893ffa2e32 -> 
  custom:video-decoder-ogg-theora: a1e56fd34408186e4bbccfd4996cb3dc -> 
  custom:container-muxer-webm: aa71ff27fc2769a1b78a27578f13a17b -> 
  custom:container-demuxer-webm: 4f35f7cbe854078d1ac9338744f61a02 -> 
  custom:container-demuxer-ogg: 62fdf1f143b41e24485cea50d1cbac27 -> 
  custom:video-encoder-webm-vp8: eb34c28f22e8b96e1ab97ce403110664 -> 
  custom:video-codec-MediaFoundation-h265: 746d11721c4dcdbdad8f713fa42b33f4 -> 
  custom:video-decoder-webm-vp8: 9c59270c3fd7afecdb556c50c9e8de78 -> 
  custom:audio-decoder-ogg-vorbis: bf7c407c2cedff20999df2af8eb42d56 -> 
  custom:audio-encoder-webm-vorbis: bf7c407c2cedff20999df2af8eb42d56 -> 
========================================================================
Received Prepare
Registering precompiled user dll's ...
Registered in 0.005973 seconds.
Begin MonoManager ReloadAssembly
Native extension for WindowsStandalone target not found
Refreshing native plugins compatible for Editor in 0.54 ms, found 3 plugins.
Preloading 0 native plugins for Editor in 0.00 ms.
Mono: successfully reloaded assembly
- Completed reload, in  1.215 seconds
Domain Reload Profiling:
	ReloadAssembly (1216ms)
		BeginReloadAssembly (122ms)
			ExecutionOrderSort (0ms)
			DisableScriptedObjects (7ms)
			BackupInstance (0ms)
			ReleaseScriptingObjects (0ms)
			CreateAndSetChildDomain (37ms)
		EndReloadAssembly (1018ms)
			LoadAssemblies (102ms)
			RebuildTransferFunctionScriptingTraits (0ms)
			SetupTypeCache (324ms)
			ReleaseScriptCaches (1ms)
			RebuildScriptCaches (47ms)
			SetupLoadedEditorAssemblies (427ms)
				LogAssemblyErrors (0ms)
				InitializePlatformSupportModulesInManaged (5ms)
				SetLoadedEditorAssemblies (0ms)
				RefreshPlugins (1ms)
				BeforeProcessingInitializeOnLoad (113ms)
				ProcessInitializeOnLoadAttributes (290ms)
				ProcessInitializeOnLoadMethodAttributes (6ms)
				AfterProcessingInitializeOnLoad (11ms)
				EditorAssembliesLoaded (0ms)
			ExecutionOrderSort2 (0ms)
			AwakeInstancesAfterBackupRestoration (12ms)
Platform modules already initialized, skipping
Refreshing native plugins compatible for Editor in 0.50 ms, found 3 plugins.
Preloading 0 native plugins for Editor in 0.00 ms.
Unloading 2082 Unused Serialized files (Serialized files now loaded: 0)
System memory in use before: 96.2 MB.
System memory in use after: 96.4 MB.

Unloading 16 unused Assets to reduce memory usage. Loaded Objects now: 2541.
Total: 3.651400 ms (FindLiveObjects: 0.209800 ms CreateObjectMapping: 0.051200 ms MarkObjects: 3.368700 ms  DeleteObjects: 0.020100 ms)

AssetImportParameters requested are different than current active one (requested -> active):
  custom:framework-win-MediaFoundation: 216162199b28c13a410421893ffa2e32 -> 
  custom:video-decoder-ogg-theora: a1e56fd34408186e4bbccfd4996cb3dc -> 
  custom:container-muxer-webm: aa71ff27fc2769a1b78a27578f13a17b -> 
  custom:container-demuxer-webm: 4f35f7cbe854078d1ac9338744f61a02 -> 
  custom:container-demuxer-ogg: 62fdf1f143b41e24485cea50d1cbac27 -> 
  custom:video-encoder-webm-vp8: eb34c28f22e8b96e1ab97ce403110664 -> 
  custom:video-codec-MediaFoundation-h265: 746d11721c4dcdbdad8f713fa42b33f4 -> 
  custom:video-decoder-webm-vp8: 9c59270c3fd7afecdb556c50c9e8de78 -> 
  custom:audio-decoder-ogg-vorbis: bf7c407c2cedff20999df2af8eb42d56 -> 
  custom:audio-encoder-webm-vorbis: bf7c407c2cedff20999df2af8eb42d56 -> 
========================================================================
Received Import Request.
  Time since last request: 436.450616 seconds.
  path: Assets/Animations/Idle (1).controller
  artifactKey: Guid(bd545c5451e092b478561ec4f9255830) Importer(815301076,1909f56bfc062723c751e8b465ee728b)
Start importing Assets/Animations/Idle (1).controller using Guid(bd545c5451e092b478561ec4f9255830) Importer(815301076,1909f56bfc062723c751e8b465ee728b)  -> (artifact id: '57fc490d8da8700a3433d873ec2f0198') in 0.020164 seconds 
  Import took 0.023733 seconds .

========================================================================
Received Prepare
Registering precompiled user dll's ...
Registered in 0.006574 seconds.
Begin MonoManager ReloadAssembly
Native extension for WindowsStandalone target not found
Refreshing native plugins compatible for Editor in 0.58 ms, found 3 plugins.
Preloading 0 native plugins for Editor in 0.00 ms.
Mono: successfully reloaded assembly
- Completed reload, in  1.254 seconds
Domain Reload Profiling:
	ReloadAssembly (1254ms)
		BeginReloadAssembly (125ms)
			ExecutionOrderSort (0ms)
			DisableScriptedObjects (7ms)
			BackupInstance (0ms)
			ReleaseScriptingObjects (0ms)
			CreateAndSetChildDomain (38ms)
		EndReloadAssembly (1050ms)
			LoadAssemblies (107ms)
			RebuildTransferFunctionScriptingTraits (0ms)
			SetupTypeCache (335ms)
			ReleaseScriptCaches (1ms)
			RebuildScriptCaches (49ms)
			SetupLoadedEditorAssemblies (437ms)
				LogAssemblyErrors (0ms)
				InitializePlatformSupportModulesInManaged (6ms)
				SetLoadedEditorAssemblies (0ms)
				RefreshPlugins (1ms)
				BeforeProcessingInitializeOnLoad (111ms)
				ProcessInitializeOnLoadAttributes (302ms)
				ProcessInitializeOnLoadMethodAttributes (8ms)
				AfterProcessingInitializeOnLoad (11ms)
				EditorAssembliesLoaded (0ms)
			ExecutionOrderSort2 (0ms)
			AwakeInstancesAfterBackupRestoration (13ms)
Platform modules already initialized, skipping
Refreshing native plugins compatible for Editor in 0.55 ms, found 3 plugins.
Preloading 0 native plugins for Editor in 0.00 ms.
Unloading 2082 Unused Serialized files (Serialized files now loaded: 0)
System memory in use before: 96.3 MB.
System memory in use after: 96.4 MB.

Unloading 16 unused Assets to reduce memory usage. Loaded Objects now: 2544.
Total: 3.677400 ms (FindLiveObjects: 0.250400 ms CreateObjectMapping: 0.050300 ms MarkObjects: 3.352900 ms  DeleteObjects: 0.021200 ms)

AssetImportParameters requested are different than current active one (requested -> active):
  custom:framework-win-MediaFoundation: 216162199b28c13a410421893ffa2e32 -> 
  custom:video-decoder-ogg-theora: a1e56fd34408186e4bbccfd4996cb3dc -> 
  custom:container-muxer-webm: aa71ff27fc2769a1b78a27578f13a17b -> 
  custom:container-demuxer-webm: 4f35f7cbe854078d1ac9338744f61a02 -> 
  custom:container-demuxer-ogg: 62fdf1f143b41e24485cea50d1cbac27 -> 
  custom:video-encoder-webm-vp8: eb34c28f22e8b96e1ab97ce403110664 -> 
  custom:video-codec-MediaFoundation-h265: 746d11721c4dcdbdad8f713fa42b33f4 -> 
  custom:video-decoder-webm-vp8: 9c59270c3fd7afecdb556c50c9e8de78 -> 
  custom:audio-decoder-ogg-vorbis: bf7c407c2cedff20999df2af8eb42d56 -> 
  custom:audio-encoder-webm-vorbis: bf7c407c2cedff20999df2af8eb42d56 -> 
========================================================================
Received Prepare
Registering precompiled user dll's ...
Registered in 0.005902 seconds.
Begin MonoManager ReloadAssembly
Native extension for WindowsStandalone target not found
Refreshing native plugins compatible for Editor in 0.64 ms, found 3 plugins.
Preloading 0 native plugins for Editor in 0.00 ms.
Mono: successfully reloaded assembly
- Completed reload, in  1.272 seconds
Domain Reload Profiling:
	ReloadAssembly (1272ms)
		BeginReloadAssembly (123ms)
			ExecutionOrderSort (0ms)
			DisableScriptedObjects (7ms)
			BackupInstance (0ms)
			ReleaseScriptingObjects (0ms)
			CreateAndSetChildDomain (37ms)
		EndReloadAssembly (1070ms)
			LoadAssemblies (110ms)
			RebuildTransferFunctionScriptingTraits (0ms)
			SetupTypeCache (337ms)
			ReleaseScriptCaches (1ms)
			RebuildScriptCaches (49ms)
			SetupLoadedEditorAssemblies (444ms)
				LogAssemblyErrors (0ms)
				InitializePlatformSupportModulesInManaged (6ms)
				SetLoadedEditorAssemblies (1ms)
				RefreshPlugins (1ms)
				BeforeProcessingInitializeOnLoad (115ms)
				ProcessInitializeOnLoadAttributes (304ms)
				ProcessInitializeOnLoadMethodAttributes (7ms)
				AfterProcessingInitializeOnLoad (11ms)
				EditorAssembliesLoaded (0ms)
			ExecutionOrderSort2 (0ms)
			AwakeInstancesAfterBackupRestoration (13ms)
Platform modules already initialized, skipping
Refreshing native plugins compatible for Editor in 0.56 ms, found 3 plugins.
Preloading 0 native plugins for Editor in 0.00 ms.
Unloading 2082 Unused Serialized files (Serialized files now loaded: 0)
System memory in use before: 96.3 MB.
System memory in use after: 96.4 MB.

Unloading 16 unused Assets to reduce memory usage. Loaded Objects now: 2547.
Total: 3.499400 ms (FindLiveObjects: 0.222400 ms CreateObjectMapping: 0.050600 ms MarkObjects: 3.203400 ms  DeleteObjects: 0.021700 ms)

AssetImportParameters requested are different than current active one (requested -> active):
  custom:framework-win-MediaFoundation: 216162199b28c13a410421893ffa2e32 -> 
  custom:video-decoder-ogg-theora: a1e56fd34408186e4bbccfd4996cb3dc -> 
  custom:container-muxer-webm: aa71ff27fc2769a1b78a27578f13a17b -> 
  custom:container-demuxer-webm: 4f35f7cbe854078d1ac9338744f61a02 -> 
  custom:container-demuxer-ogg: 62fdf1f143b41e24485cea50d1cbac27 -> 
  custom:video-encoder-webm-vp8: eb34c28f22e8b96e1ab97ce403110664 -> 
  custom:video-codec-MediaFoundation-h265: 746d11721c4dcdbdad8f713fa42b33f4 -> 
  custom:video-decoder-webm-vp8: 9c59270c3fd7afecdb556c50c9e8de78 -> 
  custom:audio-decoder-ogg-vorbis: bf7c407c2cedff20999df2af8eb42d56 -> 
  custom:audio-encoder-webm-vorbis: bf7c407c2cedff20999df2af8eb42d56 -> 
========================================================================
Received Prepare
Registering precompiled user dll's ...
Registered in 0.005799 seconds.
Begin MonoManager ReloadAssembly
Native extension for WindowsStandalone target not found
Refreshing native plugins compatible for Editor in 0.52 ms, found 3 plugins.
Preloading 0 native plugins for Editor in 0.00 ms.
Mono: successfully reloaded assembly
- Completed reload, in  1.258 seconds
Domain Reload Profiling:
	ReloadAssembly (1259ms)
		BeginReloadAssembly (122ms)
			ExecutionOrderSort (0ms)
			DisableScriptedObjects (7ms)
			BackupInstance (0ms)
			ReleaseScriptingObjects (0ms)
			CreateAndSetChildDomain (36ms)
		EndReloadAssembly (1055ms)
			LoadAssemblies (107ms)
			RebuildTransferFunctionScriptingTraits (0ms)
			SetupTypeCache (340ms)
			ReleaseScriptCaches (1ms)
			RebuildScriptCaches (48ms)
			SetupLoadedEditorAssemblies (440ms)
				LogAssemblyErrors (0ms)
				InitializePlatformSupportModulesInManaged (6ms)
				SetLoadedEditorAssemblies (1ms)
				RefreshPlugins (1ms)
				BeforeProcessingInitializeOnLoad (112ms)
				ProcessInitializeOnLoadAttributes (303ms)
				ProcessInitializeOnLoadMethodAttributes (7ms)
				AfterProcessingInitializeOnLoad (11ms)
				EditorAssembliesLoaded (0ms)
			ExecutionOrderSort2 (0ms)
			AwakeInstancesAfterBackupRestoration (13ms)
Platform modules already initialized, skipping
Refreshing native plugins compatible for Editor in 0.56 ms, found 3 plugins.
Preloading 0 native plugins for Editor in 0.00 ms.
Unloading 2082 Unused Serialized files (Serialized files now loaded: 0)
System memory in use before: 96.3 MB.
System memory in use after: 96.4 MB.

Unloading 16 unused Assets to reduce memory usage. Loaded Objects now: 2550.
Total: 3.552800 ms (FindLiveObjects: 0.256600 ms CreateObjectMapping: 0.055800 ms MarkObjects: 3.218300 ms  DeleteObjects: 0.020700 ms)

AssetImportParameters requested are different than current active one (requested -> active):
  custom:framework-win-MediaFoundation: 216162199b28c13a410421893ffa2e32 -> 
  custom:video-decoder-ogg-theora: a1e56fd34408186e4bbccfd4996cb3dc -> 
  custom:container-muxer-webm: aa71ff27fc2769a1b78a27578f13a17b -> 
  custom:container-demuxer-webm: 4f35f7cbe854078d1ac9338744f61a02 -> 
  custom:container-demuxer-ogg: 62fdf1f143b41e24485cea50d1cbac27 -> 
  custom:video-encoder-webm-vp8: eb34c28f22e8b96e1ab97ce403110664 -> 
  custom:video-codec-MediaFoundation-h265: 746d11721c4dcdbdad8f713fa42b33f4 -> 
  custom:video-decoder-webm-vp8: 9c59270c3fd7afecdb556c50c9e8de78 -> 
  custom:audio-decoder-ogg-vorbis: bf7c407c2cedff20999df2af8eb42d56 -> 
  custom:audio-encoder-webm-vorbis: bf7c407c2cedff20999df2af8eb42d56 -> 
========================================================================
Received Prepare
Registering precompiled user dll's ...
Registered in 0.006119 seconds.
Begin MonoManager ReloadAssembly
Native extension for WindowsStandalone target not found
Refreshing native plugins compatible for Editor in 0.50 ms, found 3 plugins.
Preloading 0 native plugins for Editor in 0.00 ms.
Mono: successfully reloaded assembly
- Completed reload, in  1.194 seconds
Domain Reload Profiling:
	ReloadAssembly (1195ms)
		BeginReloadAssembly (120ms)
			ExecutionOrderSort (0ms)
			DisableScriptedObjects (7ms)
			BackupInstance (0ms)
			ReleaseScriptingObjects (0ms)
			CreateAndSetChildDomain (35ms)
		EndReloadAssembly (997ms)
			LoadAssemblies (113ms)
			RebuildTransferFunctionScriptingTraits (0ms)
			SetupTypeCache (302ms)
			ReleaseScriptCaches (1ms)
			RebuildScriptCaches (45ms)
			SetupLoadedEditorAssemblies (419ms)
				LogAssemblyErrors (0ms)
				InitializePlatformSupportModulesInManaged (5ms)
				SetLoadedEditorAssemblies (0ms)
				RefreshPlugins (1ms)
				BeforeProcessingInitializeOnLoad (108ms)
				ProcessInitializeOnLoadAttributes (287ms)
				ProcessInitializeOnLoadMethodAttributes (6ms)
				AfterProcessingInitializeOnLoad (10ms)
				EditorAssembliesLoaded (0ms)
			ExecutionOrderSort2 (0ms)
			AwakeInstancesAfterBackupRestoration (12ms)
Platform modules already initialized, skipping
Refreshing native plugins compatible for Editor in 0.72 ms, found 3 plugins.
Preloading 0 native plugins for Editor in 0.00 ms.
Unloading 2082 Unused Serialized files (Serialized files now loaded: 0)
System memory in use before: 96.3 MB.
System memory in use after: 96.4 MB.

Unloading 16 unused Assets to reduce memory usage. Loaded Objects now: 2553.
Total: 3.545600 ms (FindLiveObjects: 0.223000 ms CreateObjectMapping: 0.051400 ms MarkObjects: 3.249900 ms  DeleteObjects: 0.020200 ms)

AssetImportParameters requested are different than current active one (requested -> active):
  custom:framework-win-MediaFoundation: 216162199b28c13a410421893ffa2e32 -> 
  custom:video-decoder-ogg-theora: a1e56fd34408186e4bbccfd4996cb3dc -> 
  custom:container-muxer-webm: aa71ff27fc2769a1b78a27578f13a17b -> 
  custom:container-demuxer-webm: 4f35f7cbe854078d1ac9338744f61a02 -> 
  custom:container-demuxer-ogg: 62fdf1f143b41e24485cea50d1cbac27 -> 
  custom:video-encoder-webm-vp8: eb34c28f22e8b96e1ab97ce403110664 -> 
  custom:video-codec-MediaFoundation-h265: 746d11721c4dcdbdad8f713fa42b33f4 -> 
  custom:video-decoder-webm-vp8: 9c59270c3fd7afecdb556c50c9e8de78 -> 
  custom:audio-decoder-ogg-vorbis: bf7c407c2cedff20999df2af8eb42d56 -> 
  custom:audio-encoder-webm-vorbis: bf7c407c2cedff20999df2af8eb42d56 -> 
========================================================================
Received Import Request.
  Time since last request: 898.881154 seconds.
  path: Assets/Scripts/Sound.cs
  artifactKey: Guid(bfa62f12c1f52ea47b0d5ad4041adee8) Importer(815301076,1909f56bfc062723c751e8b465ee728b)
Start importing Assets/Scripts/Sound.cs using Guid(bfa62f12c1f52ea47b0d5ad4041adee8) Importer(815301076,1909f56bfc062723c751e8b465ee728b)  -> (artifact id: 'd47398e082626308539e8de7f23ef21b') in 0.010540 seconds 
  Import took 0.013900 seconds .

========================================================================
Received Prepare
Registering precompiled user dll's ...
Registered in 0.005782 seconds.
Begin MonoManager ReloadAssembly
Native extension for WindowsStandalone target not found
Refreshing native plugins compatible for Editor in 0.59 ms, found 3 plugins.
Preloading 0 native plugins for Editor in 0.00 ms.
Mono: successfully reloaded assembly
- Completed reload, in  1.206 seconds
Domain Reload Profiling:
	ReloadAssembly (1207ms)
		BeginReloadAssembly (120ms)
			ExecutionOrderSort (0ms)
			DisableScriptedObjects (7ms)
			BackupInstance (0ms)
			ReleaseScriptingObjects (0ms)
			CreateAndSetChildDomain (35ms)
		EndReloadAssembly (1011ms)
			LoadAssemblies (104ms)
			RebuildTransferFunctionScriptingTraits (0ms)
			SetupTypeCache (316ms)
			ReleaseScriptCaches (1ms)
			RebuildScriptCaches (46ms)
			SetupLoadedEditorAssemblies (427ms)
				LogAssemblyErrors (0ms)
				InitializePlatformSupportModulesInManaged (5ms)
				SetLoadedEditorAssemblies (1ms)
				RefreshPlugins (1ms)
				BeforeProcessingInitializeOnLoad (111ms)
				ProcessInitializeOnLoadAttributes (292ms)
				ProcessInitializeOnLoadMethodAttributes (7ms)
				AfterProcessingInitializeOnLoad (10ms)
				EditorAssembliesLoaded (0ms)
			ExecutionOrderSort2 (0ms)
			AwakeInstancesAfterBackupRestoration (12ms)
Platform modules already initialized, skipping
Refreshing native plugins compatible for Editor in 0.57 ms, found 3 plugins.
Preloading 0 native plugins for Editor in 0.00 ms.
Unloading 2082 Unused Serialized files (Serialized files now loaded: 0)
System memory in use before: 96.3 MB.
System memory in use after: 96.5 MB.

Unloading 16 unused Assets to reduce memory usage. Loaded Objects now: 2556.
Total: 3.488700 ms (FindLiveObjects: 0.211200 ms CreateObjectMapping: 0.052100 ms MarkObjects: 3.204000 ms  DeleteObjects: 0.019700 ms)

AssetImportParameters requested are different than current active one (requested -> active):
  custom:framework-win-MediaFoundation: 216162199b28c13a410421893ffa2e32 -> 
  custom:video-decoder-ogg-theora: a1e56fd34408186e4bbccfd4996cb3dc -> 
  custom:container-muxer-webm: aa71ff27fc2769a1b78a27578f13a17b -> 
  custom:container-demuxer-webm: 4f35f7cbe854078d1ac9338744f61a02 -> 
  custom:container-demuxer-ogg: 62fdf1f143b41e24485cea50d1cbac27 -> 
  custom:video-encoder-webm-vp8: eb34c28f22e8b96e1ab97ce403110664 -> 
  custom:video-codec-MediaFoundation-h265: 746d11721c4dcdbdad8f713fa42b33f4 -> 
  custom:video-decoder-webm-vp8: 9c59270c3fd7afecdb556c50c9e8de78 -> 
  custom:audio-decoder-ogg-vorbis: bf7c407c2cedff20999df2af8eb42d56 -> 
  custom:audio-encoder-webm-vorbis: bf7c407c2cedff20999df2af8eb42d56 -> 
========================================================================
Received Prepare
Registering precompiled user dll's ...
Registered in 0.005965 seconds.
Begin MonoManager ReloadAssembly
Native extension for WindowsStandalone target not found
Refreshing native plugins compatible for Editor in 0.53 ms, found 3 plugins.
Preloading 0 native plugins for Editor in 0.00 ms.
Mono: successfully reloaded assembly
- Completed reload, in  1.197 seconds
Domain Reload Profiling:
	ReloadAssembly (1198ms)
		BeginReloadAssembly (133ms)
			ExecutionOrderSort (0ms)
			DisableScriptedObjects (7ms)
			BackupInstance (0ms)
			ReleaseScriptingObjects (0ms)
			CreateAndSetChildDomain (40ms)
		EndReloadAssembly (985ms)
			LoadAssemblies (115ms)
			RebuildTransferFunctionScriptingTraits (0ms)
			SetupTypeCache (300ms)
			ReleaseScriptCaches (1ms)
			RebuildScriptCaches (44ms)
			SetupLoadedEditorAssemblies (418ms)
				LogAssemblyErrors (0ms)
				InitializePlatformSupportModulesInManaged (5ms)
				SetLoadedEditorAssemblies (1ms)
				RefreshPlugins (1ms)
				BeforeProcessingInitializeOnLoad (107ms)
				ProcessInitializeOnLoadAttributes (287ms)
				ProcessInitializeOnLoadMethodAttributes (6ms)
				AfterProcessingInitializeOnLoad (10ms)
				EditorAssembliesLoaded (0ms)
			ExecutionOrderSort2 (0ms)
			AwakeInstancesAfterBackupRestoration (12ms)
Platform modules already initialized, skipping
Refreshing native plugins compatible for Editor in 0.52 ms, found 3 plugins.
Preloading 0 native plugins for Editor in 0.00 ms.
Unloading 2082 Unused Serialized files (Serialized files now loaded: 0)
System memory in use before: 96.4 MB.
System memory in use after: 96.5 MB.

Unloading 16 unused Assets to reduce memory usage. Loaded Objects now: 2559.
Total: 3.434000 ms (FindLiveObjects: 0.242300 ms CreateObjectMapping: 0.051400 ms MarkObjects: 3.113600 ms  DeleteObjects: 0.024900 ms)

AssetImportParameters requested are different than current active one (requested -> active):
  custom:framework-win-MediaFoundation: 216162199b28c13a410421893ffa2e32 -> 
  custom:video-decoder-ogg-theora: a1e56fd34408186e4bbccfd4996cb3dc -> 
  custom:container-muxer-webm: aa71ff27fc2769a1b78a27578f13a17b -> 
  custom:container-demuxer-webm: 4f35f7cbe854078d1ac9338744f61a02 -> 
  custom:container-demuxer-ogg: 62fdf1f143b41e24485cea50d1cbac27 -> 
  custom:video-encoder-webm-vp8: eb34c28f22e8b96e1ab97ce403110664 -> 
  custom:video-codec-MediaFoundation-h265: 746d11721c4dcdbdad8f713fa42b33f4 -> 
  custom:video-decoder-webm-vp8: 9c59270c3fd7afecdb556c50c9e8de78 -> 
  custom:audio-decoder-ogg-vorbis: bf7c407c2cedff20999df2af8eb42d56 -> 
  custom:audio-encoder-webm-vorbis: bf7c407c2cedff20999df2af8eb42d56 -> 
========================================================================
Received Prepare
Registering precompiled user dll's ...
Registered in 0.005770 seconds.
Begin MonoManager ReloadAssembly
Native extension for WindowsStandalone target not found
Refreshing native plugins compatible for Editor in 0.58 ms, found 3 plugins.
Preloading 0 native plugins for Editor in 0.00 ms.
Mono: successfully reloaded assembly
- Completed reload, in  1.197 seconds
Domain Reload Profiling:
	ReloadAssembly (1197ms)
		BeginReloadAssembly (120ms)
			ExecutionOrderSort (0ms)
			DisableScriptedObjects (7ms)
			BackupInstance (0ms)
			ReleaseScriptingObjects (0ms)
			CreateAndSetChildDomain (35ms)
		EndReloadAssembly (1000ms)
			LoadAssemblies (104ms)
			RebuildTransferFunctionScriptingTraits (0ms)
			SetupTypeCache (302ms)
			ReleaseScriptCaches (1ms)
			RebuildScriptCaches (45ms)
			SetupLoadedEditorAssemblies (434ms)
				LogAssemblyErrors (0ms)
				InitializePlatformSupportModulesInManaged (6ms)
				SetLoadedEditorAssemblies (0ms)
				RefreshPlugins (1ms)
				BeforeProcessingInitializeOnLoad (113ms)
				ProcessInitializeOnLoadAttributes (296ms)
				ProcessInitializeOnLoadMethodAttributes (8ms)
				AfterProcessingInitializeOnLoad (11ms)
				EditorAssembliesLoaded (0ms)
			ExecutionOrderSort2 (0ms)
			AwakeInstancesAfterBackupRestoration (12ms)
Platform modules already initialized, skipping
Refreshing native plugins compatible for Editor in 0.50 ms, found 3 plugins.
Preloading 0 native plugins for Editor in 0.00 ms.
Unloading 2082 Unused Serialized files (Serialized files now loaded: 0)
System memory in use before: 96.4 MB.
System memory in use after: 96.5 MB.

Unloading 16 unused Assets to reduce memory usage. Loaded Objects now: 2562.
Total: 3.635400 ms (FindLiveObjects: 0.245900 ms CreateObjectMapping: 0.052400 ms MarkObjects: 3.311200 ms  DeleteObjects: 0.024300 ms)

AssetImportParameters requested are different than current active one (requested -> active):
  custom:framework-win-MediaFoundation: 216162199b28c13a410421893ffa2e32 -> 
  custom:video-decoder-ogg-theora: a1e56fd34408186e4bbccfd4996cb3dc -> 
  custom:container-muxer-webm: aa71ff27fc2769a1b78a27578f13a17b -> 
  custom:container-demuxer-webm: 4f35f7cbe854078d1ac9338744f61a02 -> 
  custom:container-demuxer-ogg: 62fdf1f143b41e24485cea50d1cbac27 -> 
  custom:video-encoder-webm-vp8: eb34c28f22e8b96e1ab97ce403110664 -> 
  custom:video-codec-MediaFoundation-h265: 746d11721c4dcdbdad8f713fa42b33f4 -> 
  custom:video-decoder-webm-vp8: 9c59270c3fd7afecdb556c50c9e8de78 -> 
  custom:audio-decoder-ogg-vorbis: bf7c407c2cedff20999df2af8eb42d56 -> 
  custom:audio-encoder-webm-vorbis: bf7c407c2cedff20999df2af8eb42d56 -> 
========================================================================
Received Prepare
Registering precompiled user dll's ...
Registered in 0.005840 seconds.
Begin MonoManager ReloadAssembly
Native extension for WindowsStandalone target not found
Refreshing native plugins compatible for Editor in 0.51 ms, found 3 plugins.
Preloading 0 native plugins for Editor in 0.00 ms.
Mono: successfully reloaded assembly
- Completed reload, in  1.197 seconds
Domain Reload Profiling:
	ReloadAssembly (1197ms)
		BeginReloadAssembly (118ms)
			ExecutionOrderSort (0ms)
			DisableScriptedObjects (7ms)
			BackupInstance (0ms)
			ReleaseScriptingObjects (0ms)
			CreateAndSetChildDomain (35ms)
		EndReloadAssembly (1003ms)
			LoadAssemblies (102ms)
			RebuildTransferFunctionScriptingTraits (0ms)
			SetupTypeCache (315ms)
			ReleaseScriptCaches (1ms)
			RebuildScriptCaches (47ms)
			SetupLoadedEditorAssemblies (419ms)
				LogAssemblyErrors (0ms)
				InitializePlatformSupportModulesInManaged (5ms)
				SetLoadedEditorAssemblies (0ms)
				RefreshPlugins (1ms)
				BeforeProcessingInitializeOnLoad (109ms)
				ProcessInitializeOnLoadAttributes (286ms)
				ProcessInitializeOnLoadMethodAttributes (7ms)
				AfterProcessingInitializeOnLoad (10ms)
				EditorAssembliesLoaded (0ms)
			ExecutionOrderSort2 (0ms)
			AwakeInstancesAfterBackupRestoration (12ms)
Platform modules already initialized, skipping
Refreshing native plugins compatible for Editor in 0.53 ms, found 3 plugins.
Preloading 0 native plugins for Editor in 0.00 ms.
Unloading 2082 Unused Serialized files (Serialized files now loaded: 0)
System memory in use before: 96.4 MB.
System memory in use after: 96.5 MB.

Unloading 16 unused Assets to reduce memory usage. Loaded Objects now: 2565.
Total: 3.419200 ms (FindLiveObjects: 0.212200 ms CreateObjectMapping: 0.051200 ms MarkObjects: 3.134300 ms  DeleteObjects: 0.020300 ms)

AssetImportParameters requested are different than current active one (requested -> active):
  custom:framework-win-MediaFoundation: 216162199b28c13a410421893ffa2e32 -> 
  custom:video-decoder-ogg-theora: a1e56fd34408186e4bbccfd4996cb3dc -> 
  custom:container-muxer-webm: aa71ff27fc2769a1b78a27578f13a17b -> 
  custom:container-demuxer-webm: 4f35f7cbe854078d1ac9338744f61a02 -> 
  custom:container-demuxer-ogg: 62fdf1f143b41e24485cea50d1cbac27 -> 
  custom:video-encoder-webm-vp8: eb34c28f22e8b96e1ab97ce403110664 -> 
  custom:video-codec-MediaFoundation-h265: 746d11721c4dcdbdad8f713fa42b33f4 -> 
  custom:video-decoder-webm-vp8: 9c59270c3fd7afecdb556c50c9e8de78 -> 
  custom:audio-decoder-ogg-vorbis: bf7c407c2cedff20999df2af8eb42d56 -> 
  custom:audio-encoder-webm-vorbis: bf7c407c2cedff20999df2af8eb42d56 -> 
========================================================================
Received Prepare
Refreshing native plugins compatible for Editor in 5.72 ms, found 3 plugins.
Preloading 0 native plugins for Editor in 0.00 ms.
Unloading 14 Unused Serialized files (Serialized files now loaded: 0)
System memory in use before: 54.8 MB.
System memory in use after: 54.9 MB.

Unloading 14 unused Assets to reduce memory usage. Loaded Objects now: 2565.
Total: 3.685300 ms (FindLiveObjects: 0.283800 ms CreateObjectMapping: 0.055500 ms MarkObjects: 3.323500 ms  DeleteObjects: 0.021200 ms)

AssetImportParameters requested are different than current active one (requested -> active):
  custom:framework-win-MediaFoundation: 216162199b28c13a410421893ffa2e32 -> 
  custom:video-decoder-ogg-theora: a1e56fd34408186e4bbccfd4996cb3dc -> 
  custom:container-muxer-webm: aa71ff27fc2769a1b78a27578f13a17b -> 
  custom:container-demuxer-webm: 4f35f7cbe854078d1ac9338744f61a02 -> 
  custom:container-demuxer-ogg: 62fdf1f143b41e24485cea50d1cbac27 -> 
  custom:video-encoder-webm-vp8: eb34c28f22e8b96e1ab97ce403110664 -> 
  custom:video-codec-MediaFoundation-h265: 746d11721c4dcdbdad8f713fa42b33f4 -> 
  custom:video-decoder-webm-vp8: 9c59270c3fd7afecdb556c50c9e8de78 -> 
  custom:audio-decoder-ogg-vorbis: bf7c407c2cedff20999df2af8eb42d56 -> 
  custom:audio-encoder-webm-vorbis: bf7c407c2cedff20999df2af8eb42d56 -> 
AssetImportWorkerClient::OnTransportError - code=2 error=End of file
